0 info it worked if it ends with ok
1 verbose cli [ '/Users/tmiller/.nvm/versions/node/v6.9.1/bin/node',
1 verbose cli   '/Users/tmiller/.nvm/versions/node/v6.9.1/bin/npm',
1 verbose cli   'install',
1 verbose cli   'color-thief' ]
2 info using npm@3.10.8
3 info using node@v6.9.1
4 silly loadCurrentTree Starting
5 silly install loadCurrentTree
6 silly install readLocalPackageData
7 silly fetchPackageMetaData color-thief
8 silly fetchNamedPackageData color-thief
9 silly mapToRegistry name color-thief
10 silly mapToRegistry using default registry
11 silly mapToRegistry registry https://npm.squarespace.net:8443/
12 silly mapToRegistry data Result {
12 silly mapToRegistry   raw: 'color-thief',
12 silly mapToRegistry   scope: null,
12 silly mapToRegistry   escapedName: 'color-thief',
12 silly mapToRegistry   name: 'color-thief',
12 silly mapToRegistry   rawSpec: '',
12 silly mapToRegistry   spec: 'latest',
12 silly mapToRegistry   type: 'tag' }
13 silly mapToRegistry uri https://npm.squarespace.net:8443/color-thief
14 verbose request uri https://npm.squarespace.net:8443/color-thief
15 verbose request no auth needed
16 info attempt registry request try #1 at 10:56:15 AM
17 verbose request using bearer token for auth
18 verbose request id 79585fb04ae88e85
19 verbose etag W/"1e29-hWn+vNaOxIAxWIWAhhq+4g"
20 http request GET https://npm.squarespace.net:8443/color-thief
21 http 304 https://npm.squarespace.net:8443/color-thief
22 verbose headers { server: 'nginx/1.8.0',
22 verbose headers   date: 'Mon, 06 Mar 2017 15:56:15 GMT',
22 verbose headers   connection: 'keep-alive',
22 verbose headers   'x-powered-by': 'Express',
22 verbose headers   etag: 'W/"1e29-hWn+vNaOxIAxWIWAhhq+4g"' }
23 silly get cb [ 304,
23 silly get   { server: 'nginx/1.8.0',
23 silly get     date: 'Mon, 06 Mar 2017 15:56:15 GMT',
23 silly get     connection: 'keep-alive',
23 silly get     'x-powered-by': 'Express',
23 silly get     etag: 'W/"1e29-hWn+vNaOxIAxWIWAhhq+4g"' } ]
24 verbose etag https://npm.squarespace.net:8443/color-thief from cache
25 verbose get saving color-thief to /tmp/npm/.npm/npm.squarespace.net_8443/color-thief/.cache.json
26 verbose correctMkdir /tmp/npm/.npm correctMkdir not in flight; initializing
27 silly install normalizeTree
28 silly loadCurrentTree Finishing
29 silly loadIdealTree Starting
30 silly install loadIdealTree
31 silly cloneCurrentTree Starting
32 silly install cloneCurrentTreeToIdealTree
33 silly cloneCurrentTree Finishing
34 silly loadShrinkwrap Starting
35 silly install loadShrinkwrap
36 silly loadShrinkwrap Finishing
37 silly loadAllDepsIntoIdealTree Starting
38 silly install loadAllDepsIntoIdealTree
39 silly resolveWithNewModule color-thief@2.2.2 checking installable status
40 silly cache add args [ 'color-thief', null ]
41 verbose cache add spec color-thief
42 silly cache add parsed spec Result {
42 silly cache add   raw: 'color-thief',
42 silly cache add   scope: null,
42 silly cache add   escapedName: 'color-thief',
42 silly cache add   name: 'color-thief',
42 silly cache add   rawSpec: '',
42 silly cache add   spec: 'latest',
42 silly cache add   type: 'tag' }
43 silly addNamed color-thief@latest
44 verbose addNamed "latest" is being treated as a dist-tag for color-thief
45 info addNameTag [ 'color-thief', 'latest' ]
46 silly mapToRegistry name color-thief
47 silly mapToRegistry using default registry
48 silly mapToRegistry registry https://npm.squarespace.net:8443/
49 silly mapToRegistry data Result {
49 silly mapToRegistry   raw: 'color-thief',
49 silly mapToRegistry   scope: null,
49 silly mapToRegistry   escapedName: 'color-thief',
49 silly mapToRegistry   name: 'color-thief',
49 silly mapToRegistry   rawSpec: '',
49 silly mapToRegistry   spec: 'latest',
49 silly mapToRegistry   type: 'tag' }
50 silly mapToRegistry uri https://npm.squarespace.net:8443/color-thief
51 verbose addNameTag registry:https://npm.squarespace.net:8443/color-thief not in flight; fetching
52 verbose get https://npm.squarespace.net:8443/color-thief not expired, no request
53 silly addNameTag next cb for color-thief with tag latest
54 silly addNamed color-thief@2.2.2
55 verbose addNamed "2.2.2" is a plain semver version for color-thief
56 silly cache afterAdd color-thief@2.2.2
57 verbose afterAdd /tmp/npm/.npm/color-thief/2.2.2/package/package.json not in flight; writing
58 verbose correctMkdir /tmp/npm/.npm correctMkdir not in flight; initializing
59 verbose afterAdd /tmp/npm/.npm/color-thief/2.2.2/package/package.json written
60 silly fetchNamedPackageData canvas
61 silly mapToRegistry name canvas
62 silly mapToRegistry using default registry
63 silly mapToRegistry registry https://npm.squarespace.net:8443/
64 silly mapToRegistry data Result {
64 silly mapToRegistry   raw: 'canvas',
64 silly mapToRegistry   scope: null,
64 silly mapToRegistry   escapedName: 'canvas',
64 silly mapToRegistry   name: 'canvas',
64 silly mapToRegistry   rawSpec: '',
64 silly mapToRegistry   spec: 'latest',
64 silly mapToRegistry   type: 'tag' }
65 silly mapToRegistry uri https://npm.squarespace.net:8443/canvas
66 verbose request uri https://npm.squarespace.net:8443/canvas
67 verbose request no auth needed
68 info attempt registry request try #1 at 10:56:15 AM
69 verbose request using bearer token for auth
70 verbose etag W/"200c4-EiiFGhY5a/U1GGE20u2VFA"
71 http request GET https://npm.squarespace.net:8443/canvas
72 http 304 https://npm.squarespace.net:8443/canvas
73 verbose headers { server: 'nginx/1.8.0',
73 verbose headers   date: 'Mon, 06 Mar 2017 15:56:15 GMT',
73 verbose headers   connection: 'keep-alive',
73 verbose headers   'x-powered-by': 'Express',
73 verbose headers   etag: 'W/"200c4-EiiFGhY5a/U1GGE20u2VFA"' }
74 silly get cb [ 304,
74 silly get   { server: 'nginx/1.8.0',
74 silly get     date: 'Mon, 06 Mar 2017 15:56:15 GMT',
74 silly get     connection: 'keep-alive',
74 silly get     'x-powered-by': 'Express',
74 silly get     etag: 'W/"200c4-EiiFGhY5a/U1GGE20u2VFA"' } ]
75 verbose etag https://npm.squarespace.net:8443/canvas from cache
76 verbose get saving canvas to /tmp/npm/.npm/npm.squarespace.net_8443/canvas/.cache.json
77 verbose correctMkdir /tmp/npm/.npm correctMkdir not in flight; initializing
78 silly resolveWithNewModule canvas@1.2.11 checking installable status
79 silly cache add args [ 'canvas@~1.2.0', null ]
80 verbose cache add spec canvas@~1.2.0
81 silly cache add parsed spec Result {
81 silly cache add   raw: 'canvas@~1.2.0',
81 silly cache add   scope: null,
81 silly cache add   escapedName: 'canvas',
81 silly cache add   name: 'canvas',
81 silly cache add   rawSpec: '~1.2.0',
81 silly cache add   spec: '>=1.2.0 <1.3.0',
81 silly cache add   type: 'range' }
82 silly addNamed canvas@>=1.2.0 <1.3.0
83 verbose addNamed ">=1.2.0 <1.3.0" is a valid semver range for canvas
84 silly addNameRange { name: 'canvas', range: '>=1.2.0 <1.3.0', hasData: false }
85 silly mapToRegistry name canvas
86 silly mapToRegistry using default registry
87 silly mapToRegistry registry https://npm.squarespace.net:8443/
88 silly mapToRegistry data Result {
88 silly mapToRegistry   raw: 'canvas',
88 silly mapToRegistry   scope: null,
88 silly mapToRegistry   escapedName: 'canvas',
88 silly mapToRegistry   name: 'canvas',
88 silly mapToRegistry   rawSpec: '',
88 silly mapToRegistry   spec: 'latest',
88 silly mapToRegistry   type: 'tag' }
89 silly mapToRegistry uri https://npm.squarespace.net:8443/canvas
90 verbose addNameRange registry:https://npm.squarespace.net:8443/canvas not in flight; fetching
91 verbose get https://npm.squarespace.net:8443/canvas not expired, no request
92 silly addNameRange number 2 { name: 'canvas', range: '>=1.2.0 <1.3.0', hasData: true }
93 silly addNameRange versions [ 'canvas',
93 silly addNameRange   [ '0.0.1',
93 silly addNameRange     '0.0.2',
93 silly addNameRange     '0.0.3',
93 silly addNameRange     '0.0.4',
93 silly addNameRange     '0.0.5',
93 silly addNameRange     '0.0.6',
93 silly addNameRange     '0.0.7',
93 silly addNameRange     '0.0.8',
93 silly addNameRange     '0.1.0',
93 silly addNameRange     '0.2.0',
93 silly addNameRange     '0.2.1',
93 silly addNameRange     '0.3.0',
93 silly addNameRange     '0.3.1',
93 silly addNameRange     '0.3.2',
93 silly addNameRange     '0.3.3',
93 silly addNameRange     '0.4.0',
93 silly addNameRange     '0.4.1',
93 silly addNameRange     '0.4.2',
93 silly addNameRange     '0.4.3',
93 silly addNameRange     '0.5.0',
93 silly addNameRange     '0.5.1',
93 silly addNameRange     '0.5.2',
93 silly addNameRange     '0.5.3',
93 silly addNameRange     '0.5.4',
93 silly addNameRange     '0.6.0',
93 silly addNameRange     '0.7.0',
93 silly addNameRange     '0.7.1',
93 silly addNameRange     '0.7.2',
93 silly addNameRange     '0.7.3',
93 silly addNameRange     '0.8.0',
93 silly addNameRange     '0.8.1',
93 silly addNameRange     '0.8.2',
93 silly addNameRange     '0.8.3',
93 silly addNameRange     '0.9.0',
93 silly addNameRange     '0.10.0',
93 silly addNameRange     '0.10.1',
93 silly addNameRange     '0.10.2',
93 silly addNameRange     '0.10.3',
93 silly addNameRange     '0.11.0',
93 silly addNameRange     '0.11.1',
93 silly addNameRange     '0.11.2',
93 silly addNameRange     '0.11.3',
93 silly addNameRange     '0.12.0',
93 silly addNameRange     '0.12.1',
93 silly addNameRange     '0.13.0',
93 silly addNameRange     '0.13.1',
93 silly addNameRange     '1.0.0',
93 silly addNameRange     '1.0.1',
93 silly addNameRange     '1.0.2',
93 silly addNameRange     '1.0.3',
93 silly addNameRange     '1.0.4',
93 silly addNameRange     '1.1.0',
93 silly addNameRange     '1.1.1',
93 silly addNameRange     '1.1.2',
93 silly addNameRange     '1.1.3',
93 silly addNameRange     '1.1.4',
93 silly addNameRange     '1.1.5',
93 silly addNameRange     '1.1.6',
93 silly addNameRange     '1.2.0',
93 silly addNameRange     '1.2.1',
93 silly addNameRange     '1.2.2',
93 silly addNameRange     '1.2.3',
93 silly addNameRange     '1.2.4',
93 silly addNameRange     '1.2.5',
93 silly addNameRange     '1.2.6',
93 silly addNameRange     '1.2.7',
93 silly addNameRange     '1.2.8',
93 silly addNameRange     '1.2.9',
93 silly addNameRange     '1.2.10',
93 silly addNameRange     '1.2.11',
93 silly addNameRange     '1.3.0',
93 silly addNameRange     '1.3.1',
93 silly addNameRange     '1.3.2',
93 silly addNameRange     '1.3.3',
93 silly addNameRange     '1.3.4',
93 silly addNameRange     '1.3.5',
93 silly addNameRange     '1.3.6',
93 silly addNameRange     '1.3.7',
93 silly addNameRange     '1.3.8',
93 silly addNameRange     '1.3.9',
93 silly addNameRange     '1.3.10',
93 silly addNameRange     '1.3.11',
93 silly addNameRange     '1.3.12',
93 silly addNameRange     '1.3.13',
93 silly addNameRange     '1.3.14',
93 silly addNameRange     '1.3.15',
93 silly addNameRange     '1.3.16',
93 silly addNameRange     '1.4.0',
93 silly addNameRange     '1.5.0',
93 silly addNameRange     '1.6.0',
93 silly addNameRange     '1.6.1',
93 silly addNameRange     '1.6.2',
93 silly addNameRange     '1.6.3',
93 silly addNameRange     '1.6.4' ] ]
94 silly addNamed canvas@1.2.11
95 verbose addNamed "1.2.11" is a plain semver version for canvas
96 silly cache afterAdd canvas@1.2.11
97 verbose afterAdd /tmp/npm/.npm/canvas/1.2.11/package/package.json not in flight; writing
98 verbose correctMkdir /tmp/npm/.npm correctMkdir not in flight; initializing
99 verbose afterAdd /tmp/npm/.npm/canvas/1.2.11/package/package.json written
100 silly fetchNamedPackageData nan
101 silly mapToRegistry name nan
102 silly mapToRegistry using default registry
103 silly mapToRegistry registry https://npm.squarespace.net:8443/
104 silly mapToRegistry data Result {
104 silly mapToRegistry   raw: 'nan',
104 silly mapToRegistry   scope: null,
104 silly mapToRegistry   escapedName: 'nan',
104 silly mapToRegistry   name: 'nan',
104 silly mapToRegistry   rawSpec: '',
104 silly mapToRegistry   spec: 'latest',
104 silly mapToRegistry   type: 'tag' }
105 silly mapToRegistry uri https://npm.squarespace.net:8443/nan
106 verbose request uri https://npm.squarespace.net:8443/nan
107 verbose request no auth needed
108 info attempt registry request try #1 at 10:56:15 AM
109 verbose request using bearer token for auth
110 verbose etag W/"1e780-O6FxVGglCcEhdzpds7/n7g"
111 http request GET https://npm.squarespace.net:8443/nan
112 http 304 https://npm.squarespace.net:8443/nan
113 verbose headers { server: 'nginx/1.8.0',
113 verbose headers   date: 'Mon, 06 Mar 2017 15:56:15 GMT',
113 verbose headers   connection: 'keep-alive',
113 verbose headers   'x-powered-by': 'Express',
113 verbose headers   etag: 'W/"1e780-O6FxVGglCcEhdzpds7/n7g"' }
114 silly get cb [ 304,
114 silly get   { server: 'nginx/1.8.0',
114 silly get     date: 'Mon, 06 Mar 2017 15:56:15 GMT',
114 silly get     connection: 'keep-alive',
114 silly get     'x-powered-by': 'Express',
114 silly get     etag: 'W/"1e780-O6FxVGglCcEhdzpds7/n7g"' } ]
115 verbose etag https://npm.squarespace.net:8443/nan from cache
116 verbose get saving nan to /tmp/npm/.npm/npm.squarespace.net_8443/nan/.cache.json
117 verbose correctMkdir /tmp/npm/.npm correctMkdir not in flight; initializing
118 silly resolveWithNewModule nan@2.5.1 checking installable status
119 silly cache add args [ 'nan@^2.0.9', null ]
120 verbose cache add spec nan@^2.0.9
121 silly cache add parsed spec Result {
121 silly cache add   raw: 'nan@^2.0.9',
121 silly cache add   scope: null,
121 silly cache add   escapedName: 'nan',
121 silly cache add   name: 'nan',
121 silly cache add   rawSpec: '^2.0.9',
121 silly cache add   spec: '>=2.0.9 <3.0.0',
121 silly cache add   type: 'range' }
122 silly addNamed nan@>=2.0.9 <3.0.0
123 verbose addNamed ">=2.0.9 <3.0.0" is a valid semver range for nan
124 silly addNameRange { name: 'nan', range: '>=2.0.9 <3.0.0', hasData: false }
125 silly mapToRegistry name nan
126 silly mapToRegistry using default registry
127 silly mapToRegistry registry https://npm.squarespace.net:8443/
128 silly mapToRegistry data Result {
128 silly mapToRegistry   raw: 'nan',
128 silly mapToRegistry   scope: null,
128 silly mapToRegistry   escapedName: 'nan',
128 silly mapToRegistry   name: 'nan',
128 silly mapToRegistry   rawSpec: '',
128 silly mapToRegistry   spec: 'latest',
128 silly mapToRegistry   type: 'tag' }
129 silly mapToRegistry uri https://npm.squarespace.net:8443/nan
130 verbose addNameRange registry:https://npm.squarespace.net:8443/nan not in flight; fetching
131 verbose get https://npm.squarespace.net:8443/nan not expired, no request
132 silly addNameRange number 2 { name: 'nan', range: '>=2.0.9 <3.0.0', hasData: true }
133 silly addNameRange versions [ 'nan',
133 silly addNameRange   [ '0.3.0-wip',
133 silly addNameRange     '0.3.0-wip2',
133 silly addNameRange     '0.3.0',
133 silly addNameRange     '0.3.1',
133 silly addNameRange     '0.3.2',
133 silly addNameRange     '0.4.0',
133 silly addNameRange     '0.4.1',
133 silly addNameRange     '0.4.2',
133 silly addNameRange     '0.4.3',
133 silly addNameRange     '0.4.4',
133 silly addNameRange     '0.5.0',
133 silly addNameRange     '0.5.1',
133 silly addNameRange     '0.5.2',
133 silly addNameRange     '0.6.0',
133 silly addNameRange     '0.7.0',
133 silly addNameRange     '0.7.1',
133 silly addNameRange     '0.8.0',
133 silly addNameRange     '1.0.0',
133 silly addNameRange     '1.1.0',
133 silly addNameRange     '1.1.1',
133 silly addNameRange     '1.1.2',
133 silly addNameRange     '1.2.0',
133 silly addNameRange     '1.3.0',
133 silly addNameRange     '1.4.0',
133 silly addNameRange     '1.4.1',
133 silly addNameRange     '1.5.0',
133 silly addNameRange     '1.4.2',
133 silly addNameRange     '1.4.3',
133 silly addNameRange     '1.5.1',
133 silly addNameRange     '1.5.2',
133 silly addNameRange     '1.6.0',
133 silly addNameRange     '1.5.3',
133 silly addNameRange     '1.6.1',
133 silly addNameRange     '1.6.2',
133 silly addNameRange     '1.7.0',
133 silly addNameRange     '1.8.0',
133 silly addNameRange     '1.8.1',
133 silly addNameRange     '1.8.2',
133 silly addNameRange     '1.8.3',
133 silly addNameRange     '1.8.4',
133 silly addNameRange     '1.9.0',
133 silly addNameRange     '2.0.0',
133 silly addNameRange     '2.0.1',
133 silly addNameRange     '2.0.2',
133 silly addNameRange     '2.0.3',
133 silly addNameRange     '2.0.4',
133 silly addNameRange     '2.0.5',
133 silly addNameRange     '2.0.6',
133 silly addNameRange     '2.0.7',
133 silly addNameRange     '2.0.8',
133 silly addNameRange     '2.0.9',
133 silly addNameRange     '2.1.0',
133 silly addNameRange     '2.2.0',
133 silly addNameRange     '2.2.1',
133 silly addNameRange     '2.3.0',
133 silly addNameRange     '2.3.1',
133 silly addNameRange     '2.3.2',
133 silly addNameRange     '2.3.3',
133 silly addNameRange     '2.3.4',
133 silly addNameRange     '2.3.5',
133 silly addNameRange     '2.4.0',
133 silly addNameRange     '2.5.0',
133 silly addNameRange     '2.5.1' ] ]
134 silly addNamed nan@2.5.1
135 verbose addNamed "2.5.1" is a plain semver version for nan
136 silly cache afterAdd nan@2.5.1
137 verbose afterAdd /tmp/npm/.npm/nan/2.5.1/package/package.json not in flight; writing
138 verbose correctMkdir /tmp/npm/.npm correctMkdir not in flight; initializing
139 verbose afterAdd /tmp/npm/.npm/nan/2.5.1/package/package.json written
140 silly loadAllDepsIntoIdealTree Finishing
141 silly loadIdealTree Finishing
142 silly currentTree frogger@1.0.0
142 silly currentTree ├── jsmpeg@1.0.0
142 silly currentTree ├── node-rtsp-stream-es6@1.0.6
142 silly currentTree ├── options@0.0.6
142 silly currentTree ├── ultron@1.0.2
142 silly currentTree └── ws@1.1.2
143 silly idealTree frogger@1.0.0
143 silly idealTree ├── canvas@1.2.11
143 silly idealTree ├── color-thief@2.2.2
143 silly idealTree ├── jsmpeg@1.0.0
143 silly idealTree ├── nan@2.5.1
143 silly idealTree ├── node-rtsp-stream-es6@1.0.6
143 silly idealTree ├── options@0.0.6
143 silly idealTree ├── ultron@1.0.2
143 silly idealTree └── ws@1.1.2
144 silly generateActionsToTake Starting
145 silly install generateActionsToTake
146 silly generateActionsToTake Finishing
147 silly diffTrees action count 3
148 silly diffTrees add nan@2.5.1
149 silly diffTrees add canvas@1.2.11
150 silly diffTrees add color-thief@2.2.2
151 silly decomposeActions action count 24
152 silly decomposeActions fetch nan@2.5.1
153 silly decomposeActions extract nan@2.5.1
154 silly decomposeActions test nan@2.5.1
155 silly decomposeActions preinstall nan@2.5.1
156 silly decomposeActions build nan@2.5.1
157 silly decomposeActions install nan@2.5.1
158 silly decomposeActions postinstall nan@2.5.1
159 silly decomposeActions finalize nan@2.5.1
160 silly decomposeActions fetch canvas@1.2.11
161 silly decomposeActions extract canvas@1.2.11
162 silly decomposeActions test canvas@1.2.11
163 silly decomposeActions preinstall canvas@1.2.11
164 silly decomposeActions build canvas@1.2.11
165 silly decomposeActions install canvas@1.2.11
166 silly decomposeActions postinstall canvas@1.2.11
167 silly decomposeActions finalize canvas@1.2.11
168 silly decomposeActions fetch color-thief@2.2.2
169 silly decomposeActions extract color-thief@2.2.2
170 silly decomposeActions test color-thief@2.2.2
171 silly decomposeActions preinstall color-thief@2.2.2
172 silly decomposeActions build color-thief@2.2.2
173 silly decomposeActions install color-thief@2.2.2
174 silly decomposeActions postinstall color-thief@2.2.2
175 silly decomposeActions finalize color-thief@2.2.2
176 silly runTopLevelLifecycles Starting
177 silly executeActions Starting
178 silly install executeActions
179 silly doSerial global-install 0
180 silly doParallel fetch 3
181 verbose correctMkdir /tmp/npm/.npm/_locks correctMkdir not in flight; initializing
182 verbose lock using /tmp/npm/.npm/_locks/staging-4b22047c9640a948.lock for /Users/tmiller/repos/frogger/node_modules/.staging
183 silly doParallel extract 3
184 silly extract nan@2.5.1
185 silly extract canvas@1.2.11
186 silly extract color-thief@2.2.2
187 verbose unbuild node_modules/.staging/nan-dc471ddf
188 verbose unbuild node_modules/.staging/color-thief-f71280f3
189 verbose unbuild node_modules/.staging/canvas-027370a1
190 silly gentlyRm /Users/tmiller/repos/frogger/node_modules/.staging/color-thief-f71280f3 is being purged from base /Users/tmiller/repos/frogger
191 verbose gentlyRm don't care about contents; nuking /Users/tmiller/repos/frogger/node_modules/.staging/color-thief-f71280f3
192 silly gentlyRm /Users/tmiller/repos/frogger/node_modules/.staging/nan-dc471ddf is being purged from base /Users/tmiller/repos/frogger
193 verbose gentlyRm don't care about contents; nuking /Users/tmiller/repos/frogger/node_modules/.staging/nan-dc471ddf
194 silly gentlyRm /Users/tmiller/repos/frogger/node_modules/.staging/canvas-027370a1 is being purged from base /Users/tmiller/repos/frogger
195 verbose gentlyRm don't care about contents; nuking /Users/tmiller/repos/frogger/node_modules/.staging/canvas-027370a1
196 verbose tar unpack /tmp/npm/.npm/color-thief/2.2.2/package.tgz
197 verbose tar unpacking to /Users/tmiller/repos/frogger/node_modules/.staging/color-thief-f71280f3
198 silly gentlyRm /Users/tmiller/repos/frogger/node_modules/.staging/color-thief-f71280f3 is being purged
199 verbose gentlyRm don't care about contents; nuking /Users/tmiller/repos/frogger/node_modules/.staging/color-thief-f71280f3
200 verbose tar unpack /tmp/npm/.npm/nan/2.5.1/package.tgz
201 verbose tar unpacking to /Users/tmiller/repos/frogger/node_modules/.staging/nan-dc471ddf
202 silly gentlyRm /Users/tmiller/repos/frogger/node_modules/.staging/nan-dc471ddf is being purged
203 verbose gentlyRm don't care about contents; nuking /Users/tmiller/repos/frogger/node_modules/.staging/nan-dc471ddf
204 verbose tar unpack /tmp/npm/.npm/canvas/1.2.11/package.tgz
205 verbose tar unpacking to /Users/tmiller/repos/frogger/node_modules/.staging/canvas-027370a1
206 silly gentlyRm /Users/tmiller/repos/frogger/node_modules/.staging/canvas-027370a1 is being purged
207 verbose gentlyRm don't care about contents; nuking /Users/tmiller/repos/frogger/node_modules/.staging/canvas-027370a1
208 silly gunzTarPerm modes [ '755', '644' ]
209 silly gunzTarPerm modes [ '755', '644' ]
210 silly gunzTarPerm modes [ '755', '644' ]
211 silly gunzTarPerm extractEntry package.json
212 silly gunzTarPerm extractEntry package.json
213 silly gunzTarPerm modified mode [ 'package.json', 436, 420 ]
214 silly gunzTarPerm extractEntry package.json
215 silly gunzTarPerm extractEntry .npmignore
216 silly gunzTarPerm extractEntry demo.js
217 silly gunzTarPerm extractEntry README.md
218 silly gunzTarPerm modified mode [ 'README.md', 436, 420 ]
219 silly gunzTarPerm extractEntry include_dirs.js
220 silly gunzTarPerm modified mode [ 'include_dirs.js', 436, 420 ]
221 silly gunzTarPerm extractEntry .npmignore
222 silly gunzTarPerm extractEntry index.js
223 silly gunzTarPerm extractEntry node-demo.js
224 silly gunzTarPerm extractEntry test/color-thief-test.js
225 silly gunzTarPerm extractEntry nan_converters.h
226 silly gunzTarPerm modified mode [ 'nan_converters.h', 436, 420 ]
227 silly gunzTarPerm extractEntry CHANGELOG.md
228 silly gunzTarPerm modified mode [ 'CHANGELOG.md', 436, 420 ]
229 silly gunzTarPerm extractEntry LICENSE.md
230 silly gunzTarPerm modified mode [ 'LICENSE.md', 436, 420 ]
231 silly gunzTarPerm extractEntry History.md
232 silly gunzTarPerm extractEntry Readme.md
233 silly gunzTarPerm extractEntry doc/node_misc.md
234 silly gunzTarPerm modified mode [ 'doc/node_misc.md', 436, 420 ]
235 silly gunzTarPerm extractEntry img/dark_checkered_bg.png
236 silly gunzTarPerm extractEntry img/drag_placeholder.png
237 silly gunzTarPerm extractEntry binding.gyp
238 silly gunzTarPerm extractEntry .gitmodules
239 silly gunzTarPerm extractEntry doc/asyncworker.md
240 silly gunzTarPerm modified mode [ 'doc/asyncworker.md', 436, 420 ]
241 silly gunzTarPerm extractEntry doc/callback.md
242 silly gunzTarPerm modified mode [ 'doc/callback.md', 436, 420 ]
243 silly gunzTarPerm extractEntry img/photo1.jpg
244 silly gunzTarPerm extractEntry install
245 silly gunzTarPerm extractEntry lib/bindings.js
246 silly gunzTarPerm extractEntry doc/converters.md
247 silly gunzTarPerm modified mode [ 'doc/converters.md', 436, 420 ]
248 silly gunzTarPerm extractEntry doc/errors.md
249 silly gunzTarPerm modified mode [ 'doc/errors.md', 436, 420 ]
250 silly gunzTarPerm extractEntry img/photo2.jpg
251 silly gunzTarPerm extractEntry lib/canvas.js
252 silly gunzTarPerm extractEntry lib/context2d.js
253 silly gunzTarPerm extractEntry doc/maybe_types.md
254 silly gunzTarPerm modified mode [ 'doc/maybe_types.md', 436, 420 ]
255 silly gunzTarPerm extractEntry doc/methods.md
256 silly gunzTarPerm modified mode [ 'doc/methods.md', 436, 420 ]
257 silly gunzTarPerm extractEntry doc/new.md
258 silly gunzTarPerm modified mode [ 'doc/new.md', 436, 420 ]
259 silly gunzTarPerm extractEntry lib/image.js
260 silly gunzTarPerm extractEntry lib/jpegstream.js
261 silly gunzTarPerm extractEntry img/photo3.jpg
262 silly gunzTarPerm extractEntry doc/buffers.md
263 silly gunzTarPerm modified mode [ 'doc/buffers.md', 436, 420 ]
264 silly gunzTarPerm extractEntry doc/object_wrappers.md
265 silly gunzTarPerm modified mode [ 'doc/object_wrappers.md', 436, 420 ]
266 silly gunzTarPerm extractEntry lib/pngstream.js
267 silly gunzTarPerm extractEntry .travis.yml
268 silly gunzTarPerm extractEntry README.markdown
269 silly gunzTarPerm extractEntry doc/persistent.md
270 silly gunzTarPerm modified mode [ 'doc/persistent.md', 436, 420 ]
271 silly gunzTarPerm extractEntry doc/scopes.md
272 silly gunzTarPerm modified mode [ 'doc/scopes.md', 436, 420 ]
273 silly gunzTarPerm extractEntry src/Image.cc
274 silly gunzTarPerm extractEntry src/Canvas.cc
275 silly gunzTarPerm extractEntry js/color-thief.js
276 silly gunzTarPerm extractEntry js/libs/jquery-2.0.2.min.js
277 silly gunzTarPerm extractEntry doc/script.md
278 silly gunzTarPerm modified mode [ 'doc/script.md', 436, 420 ]
279 silly gunzTarPerm extractEntry doc/string_bytes.md
280 silly gunzTarPerm modified mode [ 'doc/string_bytes.md', 436, 420 ]
281 silly gunzTarPerm extractEntry src/CanvasGradient.cc
282 silly gunzTarPerm extractEntry src/CanvasGradient.h
283 silly gunzTarPerm extractEntry js/libs/jquery.lettering.js
284 silly gunzTarPerm extractEntry doc/v8_internals.md
285 silly gunzTarPerm modified mode [ 'doc/v8_internals.md', 436, 420 ]
286 silly gunzTarPerm extractEntry doc/v8_misc.md
287 silly gunzTarPerm modified mode [ 'doc/v8_misc.md', 436, 420 ]
288 silly gunzTarPerm extractEntry src/CanvasPattern.cc
289 silly gunzTarPerm extractEntry src/CanvasPattern.h
290 silly gunzTarPerm extractEntry js/libs/modernizr.custom.js
291 silly gunzTarPerm extractEntry js/libs/mustache.js
292 silly gunzTarPerm extractEntry component.json
293 silly gunzTarPerm extractEntry css/app.css
294 silly gunzTarPerm extractEntry sass/app.sass
295 silly gunzTarPerm extractEntry index.html
296 silly gunzTarPerm extractEntry nan.h
297 silly gunzTarPerm modified mode [ 'nan.h', 436, 420 ]
298 silly gunzTarPerm extractEntry nan_callbacks.h
299 silly gunzTarPerm modified mode [ 'nan_callbacks.h', 436, 420 ]
300 silly gunzTarPerm extractEntry src/CanvasRenderingContext2d.cc
301 silly gunzTarPerm extractEntry src/CanvasRenderingContext2d.h
302 silly gunzTarPerm extractEntry nan_callbacks_12_inl.h
303 silly gunzTarPerm modified mode [ 'nan_callbacks_12_inl.h', 436, 420 ]
304 silly gunzTarPerm extractEntry nan_callbacks_pre_12_inl.h
305 silly gunzTarPerm modified mode [ 'nan_callbacks_pre_12_inl.h', 436, 420 ]
306 silly gunzTarPerm extractEntry src/FontFace.cc
307 silly gunzTarPerm extractEntry src/FontFace.h
308 silly gunzTarPerm extractEntry nan_converters_43_inl.h
309 silly gunzTarPerm modified mode [ 'nan_converters_43_inl.h', 436, 420 ]
310 silly gunzTarPerm extractEntry nan_converters_pre_43_inl.h
311 silly gunzTarPerm modified mode [ 'nan_converters_pre_43_inl.h', 436, 420 ]
312 silly gunzTarPerm extractEntry nan_implementation_12_inl.h
313 silly gunzTarPerm modified mode [ 'nan_implementation_12_inl.h', 436, 420 ]
314 silly gunzTarPerm extractEntry src/Canvas.h
315 silly gunzTarPerm extractEntry src/Image.h
316 silly gunzTarPerm extractEntry nan_implementation_pre_12_inl.h
317 silly gunzTarPerm modified mode [ 'nan_implementation_pre_12_inl.h', 436, 420 ]
318 silly gunzTarPerm extractEntry src/ImageData.cc
319 silly gunzTarPerm extractEntry src/ImageData.h
320 silly gunzTarPerm extractEntry nan_maybe_43_inl.h
321 silly gunzTarPerm modified mode [ 'nan_maybe_43_inl.h', 436, 420 ]
322 silly gunzTarPerm extractEntry nan_maybe_pre_43_inl.h
323 silly gunzTarPerm modified mode [ 'nan_maybe_pre_43_inl.h', 436, 420 ]
324 silly gunzTarPerm extractEntry nan_new.h
325 silly gunzTarPerm modified mode [ 'nan_new.h', 436, 420 ]
326 silly gunzTarPerm extractEntry nan_object_wrap.h
327 silly gunzTarPerm modified mode [ 'nan_object_wrap.h', 436, 420 ]
328 silly gunzTarPerm extractEntry src/JPEGStream.h
329 silly gunzTarPerm extractEntry src/PNG.h
330 silly gunzTarPerm extractEntry nan_persistent_12_inl.h
331 silly gunzTarPerm modified mode [ 'nan_persistent_12_inl.h', 436, 420 ]
332 silly gunzTarPerm extractEntry nan_persistent_pre_12_inl.h
333 silly gunzTarPerm modified mode [ 'nan_persistent_pre_12_inl.h', 436, 420 ]
334 silly gunzTarPerm extractEntry src/Point.h
335 silly gunzTarPerm extractEntry src/closure.h
336 silly gunzTarPerm extractEntry src/color.cc
337 silly gunzTarPerm extractEntry src/color.h
338 silly gunzTarPerm extractEntry nan_private.h
339 silly gunzTarPerm modified mode [ 'nan_private.h', 436, 420 ]
340 silly gunzTarPerm extractEntry nan_string_bytes.h
341 silly gunzTarPerm modified mode [ 'nan_string_bytes.h', 436, 420 ]
342 silly gunzTarPerm extractEntry nan_typedarray_contents.h
343 silly gunzTarPerm modified mode [ 'nan_typedarray_contents.h', 436, 420 ]
344 silly gunzTarPerm extractEntry nan_weak.h
345 silly gunzTarPerm modified mode [ 'nan_weak.h', 436, 420 ]
346 silly gunzTarPerm extractEntry src/init.cc
347 silly gunzTarPerm extractEntry util/cairo_include.sh
348 silly gunzTarPerm extractEntry tools/package.json
349 silly gunzTarPerm modified mode [ 'tools/package.json', 436, 420 ]
350 silly gunzTarPerm extractEntry tools/README.md
351 silly gunzTarPerm modified mode [ 'tools/README.md', 436, 420 ]
352 silly gunzTarPerm extractEntry util/has_cairo_freetype.sh
353 silly gunzTarPerm extractEntry util/has_lib.sh
354 silly gunzTarPerm extractEntry tools/1to2.js
355 silly gunzTarPerm modified mode [ 'tools/1to2.js', 509, 493 ]
356 silly gunzTarPerm extractEntry util/lib_lookup.sh
357 silly gentlyRm /Users/tmiller/repos/frogger/node_modules/.staging/color-thief-f71280f3/node_modules is being purged
358 verbose gentlyRm don't care about contents; nuking /Users/tmiller/repos/frogger/node_modules/.staging/color-thief-f71280f3/node_modules
359 silly gentlyRm /Users/tmiller/repos/frogger/node_modules/.staging/canvas-027370a1/node_modules is being purged
360 verbose gentlyRm don't care about contents; nuking /Users/tmiller/repos/frogger/node_modules/.staging/canvas-027370a1/node_modules
361 silly gentlyRm /Users/tmiller/repos/frogger/node_modules/.staging/nan-dc471ddf/node_modules is being purged
362 verbose gentlyRm don't care about contents; nuking /Users/tmiller/repos/frogger/node_modules/.staging/nan-dc471ddf/node_modules
363 silly doParallel preinstall 3
364 silly preinstall nan@2.5.1 /Users/tmiller/repos/frogger/node_modules/.staging/nan-dc471ddf
365 info lifecycle nan@2.5.1~preinstall: nan@2.5.1
366 silly preinstall canvas@1.2.11 /Users/tmiller/repos/frogger/node_modules/.staging/canvas-027370a1
367 info lifecycle canvas@1.2.11~preinstall: canvas@1.2.11
368 silly preinstall color-thief@2.2.2 /Users/tmiller/repos/frogger/node_modules/.staging/color-thief-f71280f3
369 info lifecycle color-thief@2.2.2~preinstall: color-thief@2.2.2
370 silly lifecycle nan@2.5.1~preinstall: no script for preinstall, continuing
371 silly lifecycle canvas@1.2.11~preinstall: no script for preinstall, continuing
372 silly lifecycle color-thief@2.2.2~preinstall: no script for preinstall, continuing
373 silly doReverseSerial remove 0
374 silly doSerial move 0
375 silly doSerial finalize 3
376 silly finalize /Users/tmiller/repos/frogger/node_modules/nan
377 silly finalize /Users/tmiller/repos/frogger/node_modules/canvas
378 silly finalize /Users/tmiller/repos/frogger/node_modules/color-thief
379 silly doSerial build 3
380 silly build nan@2.5.1
381 info linkStuff nan@2.5.1
382 silly linkStuff nan@2.5.1 has /Users/tmiller/repos/frogger/node_modules as its parent node_modules
383 verbose linkBins nan@2.5.1
384 verbose linkMans nan@2.5.1
385 silly build canvas@1.2.11
386 info linkStuff canvas@1.2.11
387 silly linkStuff canvas@1.2.11 has /Users/tmiller/repos/frogger/node_modules as its parent node_modules
388 verbose linkBins canvas@1.2.11
389 verbose linkMans canvas@1.2.11
390 silly build color-thief@2.2.2
391 info linkStuff color-thief@2.2.2
392 silly linkStuff color-thief@2.2.2 has /Users/tmiller/repos/frogger/node_modules as its parent node_modules
393 verbose linkBins color-thief@2.2.2
394 verbose linkMans color-thief@2.2.2
395 silly doSerial global-link 0
396 silly doParallel update-linked 0
397 silly doSerial install 3
398 silly install nan@2.5.1 /Users/tmiller/repos/frogger/node_modules/.staging/nan-dc471ddf
399 info lifecycle nan@2.5.1~install: nan@2.5.1
400 silly lifecycle nan@2.5.1~install: no script for install, continuing
401 silly install canvas@1.2.11 /Users/tmiller/repos/frogger/node_modules/.staging/canvas-027370a1
402 info lifecycle canvas@1.2.11~install: canvas@1.2.11
403 verbose lifecycle canvas@1.2.11~install: unsafe-perm in lifecycle true
404 verbose lifecycle canvas@1.2.11~install: PATH: /Users/tmiller/.nvm/versions/node/v6.9.1/lib/node_modules/npm/bin/node-gyp-bin:/Users/tmiller/repos/frogger/node_modules/canvas/node_modules/.bin:/Users/tmiller/repos/frogger/node_modules/.bin:/Users/tmiller/.nvm/versions/node/v6.9.1/bin:/Users/tmiller/squarespace/generated/bin:/Users/tmiller/squarespace/generated/docker:/Users/tmiller/mongo/mongodb-osx-x86_64-3.2.3/bin:/usr/local/bin:/usr/bin:/bin:/usr/sbin:/sbin:/usr/local/bin
405 verbose lifecycle canvas@1.2.11~install: CWD: /Users/tmiller/repos/frogger/node_modules/canvas
406 silly lifecycle canvas@1.2.11~install: Args: [ '-c', 'node-gyp rebuild' ]
407 silly lifecycle canvas@1.2.11~install: Returned: code: 1  signal: null
408 info lifecycle canvas@1.2.11~install: Failed to exec install script
409 verbose unlock done using /tmp/npm/.npm/_locks/staging-4b22047c9640a948.lock for /Users/tmiller/repos/frogger/node_modules/.staging
410 silly rollbackFailedOptional Starting
411 silly rollbackFailedOptional Finishing
412 silly runTopLevelLifecycles Finishing
413 silly install printInstalled
414 warn frogger@1.0.0 No description
415 verbose If you need help, you may report this error at:
415 verbose     <https://github.com/npm/npm/issues>
416 warn frogger@1.0.0 No repository field.
417 verbose If you need help, you may report this error at:
417 verbose     <https://github.com/npm/npm/issues>
418 verbose stack Error: canvas@1.2.11 install: `node-gyp rebuild`
418 verbose stack Exit status 1
418 verbose stack     at EventEmitter.<anonymous> (/Users/tmiller/.nvm/versions/node/v6.9.1/lib/node_modules/npm/lib/utils/lifecycle.js:255:16)
418 verbose stack     at emitTwo (events.js:106:13)
418 verbose stack     at EventEmitter.emit (events.js:191:7)
418 verbose stack     at ChildProcess.<anonymous> (/Users/tmiller/.nvm/versions/node/v6.9.1/lib/node_modules/npm/lib/utils/spawn.js:40:14)
418 verbose stack     at emitTwo (events.js:106:13)
418 verbose stack     at ChildProcess.emit (events.js:191:7)
418 verbose stack     at maybeClose (internal/child_process.js:877:16)
418 verbose stack     at Process.ChildProcess._handle.onexit (internal/child_process.js:226:5)
419 verbose pkgid canvas@1.2.11
420 verbose cwd /Users/tmiller/repos/frogger
421 error Darwin 15.2.0
422 error argv "/Users/tmiller/.nvm/versions/node/v6.9.1/bin/node" "/Users/tmiller/.nvm/versions/node/v6.9.1/bin/npm" "install" "color-thief"
423 error node v6.9.1
424 error npm  v3.10.8
425 error code ELIFECYCLE
426 error canvas@1.2.11 install: `node-gyp rebuild`
426 error Exit status 1
427 error Failed at the canvas@1.2.11 install script 'node-gyp rebuild'.
427 error Make sure you have the latest version of node.js and npm installed.
427 error If you do, this is most likely a problem with the canvas package,
427 error not with npm itself.
427 error Tell the author that this fails on your system:
427 error     node-gyp rebuild
427 error You can get information on how to open an issue for this project with:
427 error     npm bugs canvas
427 error Or if that isn't available, you can get their info via:
427 error     npm owner ls canvas
427 error There is likely additional logging output above.
428 verbose exit [ 1, true ]
